<?xml version="1.0" encoding="UTF-8"?>
<testExecutions version="1">
    <file path="/Users/montoyaedu/tdd-app/tests/unit/UserView.spec.js">
        <testCase name="UserView works" duration="4"/>
    </file>
    <file path="/Users/montoyaedu/tdd-app/tests/unit/01-UserView.spec.js">
        <testCase name="UserView renders the component" duration="46"/>
    </file>
    <file path="/Users/montoyaedu/tdd-app/tests/unit/04-UserView.spec.js">
        <testCase name="UserView passes a binded user prop to user profile component" duration="37"/>
    </file>
    <file path="/Users/montoyaedu/tdd-app/tests/unit/02-UserView.spec.js">
        <testCase name="UserView renders the component" duration="48"/>
        <testCase name="UserView renders main child components" duration="9"/>
    </file>
    <file path="/Users/montoyaedu/tdd-app/tests/unit/05-UserView.spec.js">
        <testCase name="UserView passes a binded user prop to user profile component" duration="32"/>
    </file>
    <file path="/Users/montoyaedu/tdd-app/tests/unit/03-UserView.spec.js">
        <testCase name="UserView renders the component" duration="47"/>
        <testCase name="UserView renders main child components" duration="6"/>
    </file>
</testExecutions>